2017/5/13 16:55:46
220-FileZilla Server 0.9.60 beta
220-written by Tim Kosse (tim.kosse@filezilla-project.org)
220 Please visit https://filezilla-project.org/

2017/5/13 16:55:46
331 Password required for yourdad
230 Logged on

2017/5/13 16:55:54
200 Type set to I

2017/5/13 16:55:54
213 41855
227 Entering Passive Mode (127,0,0,1,215,99)

2017/5/13 16:55:54
150 Opening data channel for file download from server of "/XJTU.jpg"

2017/5/13 16:55:54
226 Successfully transferred "/XJTU.jpg"

2017/5/13 16:56:48
221 Goodbye

2017/5/13 16:57:22
220-FileZilla Server 0.9.60 beta
220-written by Tim Kosse (tim.kosse@filezilla-project.org)
220 Please visit https://filezilla-project.org/

2017/5/13 16:57:22
331 Password required for yourdad
230 Logged on

2017/5/13 16:57:32
200 Type set to I

2017/5/13 16:57:32
213 41855
227 Entering Passive Mode (127,0,0,1,255,207)

2017/5/13 16:57:32
150 Opening data channel for file download from server of "/XJTU.jpg"

2017/5/13 16:57:32
226 Successfully transferred "/XJTU.jpg"

2017/5/13 16:58:15
221 Goodbye

2017/5/13 16:58:40
220-FileZilla Server 0.9.60 beta
220-written by Tim Kosse (tim.kosse@filezilla-project.org)
220 Please visit https://filezilla-project.org/

2017/5/13 16:58:40
331 Password required for yourdad
230 Logged on

2017/5/13 16:58:48
213 41855

2017/5/13 16:58:48
200 Type set to I
227 Entering Passive Mode (127,0,0,1,235,55)

2017/5/13 16:58:48
150 Opening data channel for file download from server of "/XJTU.jpg"

2017/5/13 16:58:48
226 Successfully transferred "/XJTU.jpg"

2017/5/13 16:59:37
213 11723

2017/5/13 16:59:37
200 Type set to I
227 Entering Passive Mode (127,0,0,1,228,84)

2017/5/13 16:59:37
150 Opening data channel for file download from server of "/taylor.jpg"

2017/5/13 16:59:37
226 Successfully transferred "/taylor.jpg"

2017/5/13 17:00:00
213 7276

2017/5/13 17:00:00
200 Type set to I
227 Entering Passive Mode (127,0,0,1,237,15)

2017/5/13 17:00:00
150 Opening data channel for file download from server of "/test.txt"

2017/5/13 17:00:00
226 Successfully transferred "/test.txt"

2017/5/13 17:00:33
213 78580

2017/5/13 17:00:33
200 Type set to I
227 Entering Passive Mode (127,0,0,1,198,217)

2017/5/13 17:00:34
150 Opening data channel for file download from server of "/abc.jpg"

2017/5/13 17:00:34
226 Successfully transferred "/abc.jpg"

2017/5/13 17:00:51
221 Goodbye

2017/5/13 17:01:59
220-FileZilla Server 0.9.60 beta
220-written by Tim Kosse (tim.kosse@filezilla-project.org)
220 Please visit https://filezilla-project.org/

2017/5/13 17:01:59
331 Password required for yourdad
230 Logged on

2017/5/13 17:02:25
200 Type set to I

2017/5/13 17:02:26
227 Entering Passive Mode (127,0,0,1,247,37)

2017/5/13 17:02:26
150 Opening data channel for file upload to server of "/HTTP????.docx"

2017/5/13 17:02:26
550 Could not open file for writing.

2017/5/13 17:02:55
200 Type set to I

2017/5/13 17:02:55
227 Entering Passive Mode (127,0,0,1,196,55)

2017/5/13 17:02:56
150 Opening data channel for file upload to server of "/Keyboard Scan Codes.txt"

2017/5/13 17:02:56
426 Connection closed; aborted transfer of "/Keyboard Scan Codes.txt"

2017/5/13 17:03:39
221 Goodbye

2017/5/13 17:03:40
220-FileZilla Server 0.9.60 beta
220-written by Tim Kosse (tim.kosse@filezilla-project.org)
220 Please visit https://filezilla-project.org/

2017/5/13 17:03:40
331 Password required for yourdad
230 Logged on

2017/5/13 17:04:00
200 Type set to I

2017/5/13 17:04:00
227 Entering Passive Mode (127,0,0,1,232,239)

2017/5/13 17:04:00
150 Opening data channel for file upload to server of "/digui_syntaxTree.xml"

2017/5/13 17:04:00
426 Connection closed; aborted transfer of "/digui_syntaxTree.xml"

2017/5/13 17:04:27
200 Type set to I

2017/5/13 17:04:27
227 Entering Passive Mode (127,0,0,1,232,95)

2017/5/13 17:04:27
150 Opening data channel for file upload to server of "/ASM2BIN.exe"

2017/5/13 17:04:27
426 Connection closed; aborted transfer of "/ASM2BIN.exe"

2017/5/13 17:04:49
213 16896

2017/5/13 17:04:49
200 Type set to I
227 Entering Passive Mode (127,0,0,1,210,84)

2017/5/13 17:04:49
150 Opening data channel for file download from server of "/ASM2BIN.exe"

2017/5/13 17:04:49
226 Successfully transferred "/ASM2BIN.exe"

2017/5/13 17:05:07
221 Goodbye

